<?xml version="1.0" encoding="UTF-8"?>
<!-- Generated by org.testng.reporters.JUnitReportReporter -->
<testsuite hostname="Rishi-PM" failures="0" tests="8" name="com.nopcommerce.testCases.LoginPageDDT_TestCase1" time="60.886" errors="0" timestamp="2020-11-19T20:25:51 IST" skipped="0">
  <testcase classname="com.nopcommerce.testCases.LoginPageDDT_TestCase1" name="loginTest" time="6.067"/>
  <system-out/>
  <testcase classname="com.nopcommerce.testCases.LoginPageDDT_TestCase1" name="loginTest" time="6.234"/>
  <system-out/>
  <testcase classname="com.nopcommerce.testCases.LoginPageDDT_TestCase1" name="loginTest" time="5.959"/>
  <system-out/>
  <testcase classname="com.nopcommerce.testCases.LoginPageDDT_TestCase1" name="loginTest" time="11.398"/>
  <system-out/>
  <testcase classname="com.nopcommerce.testCases.LoginPageDDT_TestCase1" name="loginTest" time="6.050"/>
  <system-out/>
  <testcase classname="com.nopcommerce.testCases.LoginPageDDT_TestCase1" name="loginTest" time="11.987"/>
  <system-out/>
  <testcase classname="com.nopcommerce.testCases.LoginPageDDT_TestCase1" name="loginTest" time="6.406"/>
  <system-out/>
  <testcase classname="com.nopcommerce.testCases.LoginPageDDT_TestCase1" name="loginTest" time="6.785"/>
  <system-out/>
</testsuite> <!-- com.nopcommerce.testCases.LoginPageDDT_TestCase1 -->
