<?xml version="1.0" encoding="UTF-8"?>
<!-- Generated by org.testng.reporters.JUnitReportReporter -->
<testsuite hostname="Rishi-PM" failures="0" tests="2" name="com.nopcommerce.testCases.LoginPage_TestCase1" time="25.195" errors="0" timestamp="2020-11-19T20:25:51 IST" skipped="0">
  <testcase classname="com.nopcommerce.testCases.LoginPage_TestCase1" name="LoginTest" time="12.868"/>
  <system-out/>
  <testcase classname="com.nopcommerce.testCases.LoginPage_TestCase1" name="LoginTest" time="12.327"/>
  <system-out/>
</testsuite> <!-- com.nopcommerce.testCases.LoginPage_TestCase1 -->
