<?xml version="1.0" encoding="UTF-8"?>
<!-- Generated by org.testng.reporters.JUnitReportReporter -->
<testsuite hostname="Rishi-PM" failures="0" tests="1" name="com.nopcommerce.testCases.AddCustomer_TestCase2" time="18.036" errors="0" timestamp="2020-11-20T16:15:12 IST" skipped="0">
  <testcase classname="com.nopcommerce.testCases.AddCustomer_TestCase2" name="addNewCustomer" time="18.036"/>
  <system-out/>
</testsuite> <!-- com.nopcommerce.testCases.AddCustomer_TestCase2 -->
